# JRE version: Java(TM) SE Runtime Environment (8.0_271-b09) (build 1.8.0_271-b09)
# Java VM: Java HotSpot(TM) 64-Bit Server VM (25.271-b09 mixed mode windows-amd64 compressed oops)
Heap:
 PSYoungGen      total 464384K, used 265148K [0x0000000781980000, 0x00000007a0e80000, 0x00000007c0000000)
  eden space 422912K, 56% used [0x0000000781980000,0x00000007901120e0,0x000000079b680000)
  from space 41472K, 67% used [0x000000079e600000,0x00000007a015d1e8,0x00000007a0e80000)
  to   space 45056K, 0% used [0x000000079b680000,0x000000079b680000,0x000000079e280000)
 ParOldGen       total 183808K, used 87594K [0x0000000704c00000, 0x000000070ff80000, 0x0000000781980000)
  object space 183808K, 47% used [0x0000000704c00000,0x000000070a18ab58,0x000000070ff80000)
 Metaspace       used 35277K, capacity 36840K, committed 37080K, reserved 1081344K
  class space    used 4448K, capacity 4793K, committed 4864K, reserved 1048576K
GC Heap History (10 events):
Event: 14.883 GC heap before
{Heap before GC invocations=12 (full 2):
 PSYoungGen      total 235008K, used 234983K [0x0000000781980000, 0x0000000798c80000, 0x00000007c0000000)
  eden space 217088K, 100% used [0x0000000781980000,0x000000078ed80000,0x000000078ed80000)
  from space 17920K, 99% used [0x000000078ed80000,0x000000078fef9ee0,0x000000078ff00000)
  to   space 28160K, 0% used [0x0000000797100000,0x0000000797100000,0x0000000798c80000)
 ParOldGen       total 183808K, used 42598K [0x0000000704c00000, 0x000000070ff80000, 0x0000000781980000)
  object space 183808K, 23% used [0x0000000704c00000,0x0000000707599ba0,0x000000070ff80000)
 Metaspace       used 34490K, capacity 36020K, committed 36312K, reserved 1081344K
  class space    used 4434K, capacity 4759K, committed 4864K, reserved 1048576K
Event: 14.905 GC heap after
Heap after GC invocations=12 (full 2):
 PSYoungGen      total 346624K, used 27377K [0x0000000781980000, 0x0000000798f80000, 0x00000007c0000000)
  eden space 318464K, 0% used [0x0000000781980000,0x0000000781980000,0x0000000795080000)
  from space 28160K, 97% used [0x0000000797100000,0x0000000798bbc4a0,0x0000000798c80000)
  to   space 32256K, 0% used [0x0000000795080000,0x0000000795080000,0x0000000797000000)
 ParOldGen       total 183808K, used 52062K [0x0000000704c00000, 0x000000070ff80000, 0x0000000781980000)
  object space 183808K, 28% used [0x0000000704c00000,0x0000000707ed79e8,0x000000070ff80000)
 Metaspace       used 34490K, capacity 36020K, committed 36312K, reserved 1081344K
  class space    used 4434K, capacity 4759K, committed 4864K, reserved 1048576K
}
Event: 17.395 GC heap before
{Heap before GC invocations=13 (full 2):
 PSYoungGen      total 346624K, used 345630K [0x0000000781980000, 0x0000000798f80000, 0x00000007c0000000)
  eden space 318464K, 99% used [0x0000000781980000,0x000000079504b718,0x0000000795080000)
  from space 28160K, 97% used [0x0000000797100000,0x0000000798bbc4a0,0x0000000798c80000)
  to   space 32256K, 0% used [0x0000000795080000,0x0000000795080000,0x0000000797000000)
 ParOldGen       total 183808K, used 52062K [0x0000000704c00000, 0x000000070ff80000, 0x0000000781980000)
  object space 183808K, 28% used [0x0000000704c00000,0x0000000707ed79e8,0x000000070ff80000)
 Metaspace       used 34854K, capacity 36420K, committed 36568K, reserved 1081344K
  class space    used 4437K, capacity 4761K, committed 4864K, reserved 1048576K
Event: 17.415 GC heap after
Heap after GC invocations=13 (full 2):
 PSYoungGen      total 350720K, used 29372K [0x0000000781980000, 0x0000000798f80000, 0x00000007c0000000)
  eden space 318464K, 0% used [0x0000000781980000,0x0000000781980000,0x0000000795080000)
  from space 32256K, 91% used [0x0000000795080000,0x0000000796d2f0a8,0x0000000797000000)
  to   space 28160K, 0% used [0x0000000797100000,0x0000000797100000,0x0000000798c80000)
 ParOldGen       total 183808K, used 66407K [0x0000000704c00000, 0x000000070ff80000, 0x0000000781980000)
  object space 183808K, 36% used [0x0000000704c00000,0x0000000708cd9e28,0x000000070ff80000)
 Metaspace       used 34854K, capacity 36420K, committed 36568K, reserved 1081344K
  class space    used 4437K, capacity 4761K, committed 4864K, reserved 1048576K
}
Event: 20.095 GC heap before
{Heap before GC invocations=14 (full 2):
 PSYoungGen      total 350720K, used 347836K [0x0000000781980000, 0x0000000798f80000, 0x00000007c0000000)
  eden space 318464K, 100% used [0x0000000781980000,0x0000000795080000,0x0000000795080000)
  from space 32256K, 91% used [0x0000000795080000,0x0000000796d2f0a8,0x0000000797000000)
  to   space 28160K, 0% used [0x0000000797100000,0x0000000797100000,0x0000000798c80000)
 ParOldGen       total 183808K, used 66408K [0x0000000704c00000, 0x000000070ff80000, 0x0000000781980000)
  object space 183808K, 36% used [0x0000000704c00000,0x0000000708cda398,0x000000070ff80000)
 Metaspace       used 34965K, capacity 36484K, committed 36824K, reserved 1081344K
  class space    used 4438K, capacity 4761K, committed 4864K, reserved 1048576K
Event: 20.105 GC heap after
Heap after GC invocations=14 (full 2):
 PSYoungGen      total 337920K, used 28134K [0x0000000781980000, 0x00000007a2200000, 0x00000007c0000000)
  eden space 309760K, 0% used [0x0000000781980000,0x0000000781980000,0x0000000794800000)
  from space 28160K, 99% used [0x0000000797100000,0x0000000798c799d8,0x0000000798c80000)
  to   space 41984K, 0% used [0x0000000794800000,0x0000000794800000,0x0000000797100000)
 ParOldGen       total 183808K, used 75244K [0x0000000704c00000, 0x000000070ff80000, 0x0000000781980000)
  object space 183808K, 40% used [0x0000000704c00000,0x000000070957b208,0x000000070ff80000)
 Metaspace       used 34965K, capacity 36484K, committed 36824K, reserved 1081344K
  class space    used 4438K, capacity 4761K, committed 4864K, reserved 1048576K
}
Event: 21.751 GC heap before
{Heap before GC invocations=15 (full 2):
 PSYoungGen      total 337920K, used 337894K [0x0000000781980000, 0x00000007a2200000, 0x00000007c0000000)
  eden space 309760K, 100% used [0x0000000781980000,0x0000000794800000,0x0000000794800000)
  from space 28160K, 99% used [0x0000000797100000,0x0000000798c799d8,0x0000000798c80000)
  to   space 41984K, 0% used [0x0000000794800000,0x0000000794800000,0x0000000797100000)
 ParOldGen       total 183808K, used 80366K [0x0000000704c00000, 0x000000070ff80000, 0x0000000781980000)
  object space 183808K, 43% used [0x0000000704c00000,0x0000000709a7b978,0x000000070ff80000)
 Metaspace       used 35109K, capacity 36712K, committed 36824K, reserved 1081344K
  class space    used 4447K, capacity 4793K, committed 4864K, reserved 1048576K
Event: 21.761 GC heap after
Heap after GC invocations=15 (full 2):
 PSYoungGen      total 351744K, used 29961K [0x0000000781980000, 0x00000007a1100000, 0x00000007c0000000)
  eden space 309760K, 0% used [0x0000000781980000,0x0000000781980000,0x0000000794800000)
  from space 41984K, 71% used [0x0000000794800000,0x00000007965425f0,0x0000000797100000)
  to   space 44032K, 0% used [0x000000079e600000,0x000000079e600000,0x00000007a1100000)
 ParOldGen       total 183808K, used 83021K [0x0000000704c00000, 0x000000070ff80000, 0x0000000781980000)
  object space 183808K, 45% used [0x0000000704c00000,0x0000000709d134e8,0x000000070ff80000)
 Metaspace       used 35109K, capacity 36712K, committed 36824K, reserved 1081344K
  class space    used 4447K, capacity 4793K, committed 4864K, reserved 1048576K
}
Event: 23.529 GC heap before
{Heap before GC invocations=16 (full 2):
 PSYoungGen      total 351744K, used 339721K [0x0000000781980000, 0x00000007a1100000, 0x00000007c0000000)
  eden space 309760K, 100% used [0x0000000781980000,0x0000000794800000,0x0000000794800000)
  from space 41984K, 71% used [0x0000000794800000,0x00000007965425f0,0x0000000797100000)
  to   space 44032K, 0% used [0x000000079e600000,0x000000079e600000,0x00000007a1100000)
 ParOldGen       total 183808K, used 83021K [0x0000000704c00000, 0x000000070ff80000, 0x0000000781980000)
  object space 183808K, 45% used [0x0000000704c00000,0x0000000709d134e8,0x000000070ff80000)
 Metaspace       used 35173K, capacity 36712K, committed 36824K, reserved 1081344K
  class space    used 4447K, capacity 4793K, committed 4864K, reserved 1048576K
Event: 23.552 GC heap after
Heap after GC invocations=16 (full 2):
 PSYoungGen      total 464384K, used 28020K [0x0000000781980000, 0x00000007a0e80000, 0x00000007c0000000)
  eden space 422912K, 0% used [0x0000000781980000,0x0000000781980000,0x000000079b680000)
  from space 41472K, 67% used [0x000000079e600000,0x00000007a015d1e8,0x00000007a0e80000)
  to   space 45056K, 0% used [0x000000079b680000,0x000000079b680000,0x000000079e280000)
 ParOldGen       total 183808K, used 87594K [0x0000000704c00000, 0x000000070ff80000, 0x0000000781980000)
  object space 183808K, 47% used [0x0000000704c00000,0x000000070a18ab58,0x000000070ff80000)
 Metaspace       used 35173K, capacity 36712K, committed 36824K, reserved 1081344K
  class space    used 4447K, capacity 4793K, committed 4864K, reserved 1048576K
}

